<?xml version="1.0" encoding="UTF-8"?>
<!-- Generated by org.testng.reporters.JUnitReportReporter -->
<testsuite skipped="0" hostname="DESKTOP-KUVK3PK" name="runners.BlazeWebAppRunner" tests="3" failures="0" timestamp="2023-03-13T16:46:12 IST" time="121.104" errors="0">
  <testcase name="runScenario" time="26.797" classname="runners.BlazeWebAppRunner"/>
  <system-out/>
  <testcase name="runScenario" time="56.013" classname="runners.BlazeWebAppRunner"/>
  <system-out/>
  <testcase name="runScenario" time="38.294" classname="runners.BlazeWebAppRunner"/>
  <system-out/>
</testsuite> <!-- runners.BlazeWebAppRunner -->
