<?xml version="1.0" encoding="UTF-8"?>
<!-- Generated by org.testng.reporters.JUnitReportReporter -->
<testsuite skipped="0" hostname="DESKTOP-KUVK3PK" name="runners.BlazeWebAppRunner" tests="5" failures="0" timestamp="2023-03-16T18:53:16 IST" time="39.319" errors="0">
  <testcase name="runScenario" time="10.853" classname="runners.BlazeWebAppRunner"/>
  <system-out/>
  <testcase name="runScenario" time="8.964" classname="runners.BlazeWebAppRunner"/>
  <system-out/>
  <testcase name="runScenario" time="8.546" classname="runners.BlazeWebAppRunner"/>
  <system-out/>
  <testcase name="runScenario" time="5.706" classname="runners.BlazeWebAppRunner"/>
  <system-out/>
  <testcase name="runScenario" time="5.250" classname="runners.BlazeWebAppRunner"/>
  <system-out/>
</testsuite> <!-- runners.BlazeWebAppRunner -->
