<?xml version="1.0" encoding="UTF-8"?>
<!-- Generated by org.testng.reporters.JUnitReportReporter -->
<testsuite skipped="0" hostname="DESKTOP-KUVK3PK" name="runners.BlazeWebAppRunner" tests="5" failures="0" timestamp="2023-03-15T16:01:46 IST" time="42.002" errors="0">
  <testcase name="runScenario" time="9.077" classname="runners.BlazeWebAppRunner"/>
  <system-out/>
  <testcase name="runScenario" time="2.397" classname="runners.BlazeWebAppRunner"/>
  <system-out/>
  <testcase name="runScenario" time="7.665" classname="runners.BlazeWebAppRunner"/>
  <system-out/>
  <testcase name="runScenario" time="12.782" classname="runners.BlazeWebAppRunner"/>
  <system-out/>
  <testcase name="runScenario" time="10.081" classname="runners.BlazeWebAppRunner"/>
  <system-out/>
</testsuite> <!-- runners.BlazeWebAppRunner -->
